<?xml version="1.0" encoding="UTF-8"?>
<!-- Generated by org.testng.reporters.JUnitReportReporter -->
<testsuite skipped="0" hostname="DESKTOP-BSEP1JR" name="runners.TestRunner" tests="1" failures="0" timestamp="2021-08-26T19:47:51 IST" time="43.938" errors="0">
  <testcase name="runScenario" time="43.938" classname="runners.TestRunner"/>
  <system-out/>
</testsuite> <!-- runners.TestRunner -->
